2022-11-21 13:23:14.128+0000 WARN  [o.n.k.i.JvmChecker] The max heap memory has not been configured. It is recommended that it is always explicitly configured, to ensure the system has a balanced configuration. Until then, a JVM computed heuristic of 2055208960 bytes is used instead. If you are running neo4j server, you need to configure server.memory.heap.max_size in neo4j.conf. If you are running neo4j embedded, you have to launch the JVM with -Xmx set to a value. You can run neo4j-admin server memory-recommendation for memory configuration suggestions.
2022-11-21 13:23:14.129+0000 WARN  [o.n.k.i.JvmChecker] The initial heap memory has not been configured. It is recommended that it is always explicitly configured, to ensure the system has a balanced configuration. Until then, a JVM computed heuristic of 130023424 bytes is used instead. If you are running neo4j server, you need to configure server.memory.heap.initial_size in neo4j.conf. If you are running neo4j embedded, you have to launch the JVM with -Xms set to a value. You can run neo4j-admin server memory-recommendation for memory configuration suggestions.
2022-11-21 13:23:14.173+0000 WARN  [o.n.i.p.PageCache] Reflection access to java.nio.DirectByteBuffer is not available, using fallback mode. This could have negative impact on performance and memory usage. Consider adding --add-opens=java.base/java.nio=ALL-UNNAMED to VM options.
2022-11-21 13:23:14.432+0000 INFO  [o.n.i.d.DiagnosticsManager] 
                                                                ********************************************************************************
                                                                                             [ System diagnostics ]                             
                                                                ********************************************************************************
                                                                --------------------------------------------------------------------------------
                                                                                         [ System memory information ]                          
                                                                --------------------------------------------------------------------------------
                                                                Total Physical memory: 7.653GiB
                                                                Free Physical memory: 2.635GiB
                                                                Committed virtual memory: 5.232GiB
                                                                Total swap space: 2.000GiB
                                                                Free swap space: 2.000GiB
                                                                
                                                                --------------------------------------------------------------------------------
                                                                                           [ JVM memory information ]                           
                                                                --------------------------------------------------------------------------------
                                                                Free  memory: 38.53MiB
                                                                Total memory: 126.0MiB
                                                                Max   memory: 1.914GiB
                                                                Garbage Collector: G1 Young Generation: [G1 Eden Space, G1 Survivor Space, G1 Old Gen]
                                                                Garbage Collector: G1 Old Generation: [G1 Eden Space, G1 Survivor Space, G1 Old Gen]
                                                                Memory Pool: CodeHeap 'non-nmethods' (Non-heap memory): committed=2.438MiB, used=1.212MiB, max=5.570MiB, threshold=0B
                                                                Memory Pool: Metaspace (Non-heap memory): committed=20.56MiB, used=20.24MiB, max=-1B, threshold=0B
                                                                Memory Pool: CodeHeap 'profiled nmethods' (Non-heap memory): committed=4.375MiB, used=4.319MiB, max=117.2MiB, threshold=0B
                                                                Memory Pool: Compressed Class Space (Non-heap memory): committed=2.375MiB, used=2.215MiB, max=1.000GiB, threshold=0B
                                                                Memory Pool: G1 Eden Space (Heap memory): committed=72.00MiB, used=61.00MiB, max=-1B, threshold=?
                                                                Memory Pool: G1 Old Gen (Heap memory): committed=52.00MiB, used=23.97MiB, max=1.914GiB, threshold=0B
                                                                Memory Pool: G1 Survivor Space (Heap memory): committed=2.000MiB, used=2.000MiB, max=-1B, threshold=?
                                                                Memory Pool: CodeHeap 'non-profiled nmethods' (Non-heap memory): committed=2.438MiB, used=1.120MiB, max=117.2MiB, threshold=0B
                                                                
                                                                --------------------------------------------------------------------------------
                                                                                        [ Operating system information ]                        
                                                                --------------------------------------------------------------------------------
                                                                Operating System: Linux; version: 5.10.16.3-microsoft-standard-WSL2; arch: amd64; cpus: 8
                                                                Max number of file descriptors: 1048576
                                                                Number of open file descriptors: 192
                                                                Process id: 7
                                                                Byte order: LITTLE_ENDIAN
                                                                Local timezone: Etc/UTC
                                                                
                                                                --------------------------------------------------------------------------------
                                                                                              [ JVM information ]                               
                                                                --------------------------------------------------------------------------------
                                                                VM Name: OpenJDK 64-Bit Server VM
                                                                VM Vendor: Eclipse Adoptium
                                                                VM Version: 17.0.5+8
                                                                JIT compiler: HotSpot 64-Bit Tiered Compilers
                                                                VM Arguments: [-Dfile.encoding=UTF-8]
                                                                
                                                                --------------------------------------------------------------------------------
                                                                                               [ Java classpath ]                               
                                                                --------------------------------------------------------------------------------
                                                                 [classpath] /var/lib/neo4j/lib/neo4j-cypher-config-5.1.0.jar
                                                                 [classpath] /var/lib/neo4j/lib/neo4j-cypher-planner-spi-5.1.0.jar
                                                                 [classpath] /var/lib/neo4j/lib/jetty-io-9.4.49.v20220914.jar
                                                                 [classpath] /var/lib/neo4j/lib/shiro-event-1.9.1.jar
                                                                 [classpath] /var/lib/neo4j/lib/jakarta.activation-api-1.2.1.jar
                                                                 [classpath] /var/lib/neo4j/lib/jPowerShell-3.0.jar
                                                                 [classpath] /var/lib/neo4j/lib/scala-reflect-2.13.8.jar
                                                                 [classpath] /var/lib/neo4j/lib/jetty-servlet-9.4.49.v20220914.jar
                                                                 [classpath] /var/lib/neo4j/lib/mercator_2.13-0.2.1.jar
                                                                 [classpath] /var/lib/neo4j/lib/neo4j-spatial-index-5.1.0.jar
                                                                 [classpath] /var/lib/neo4j/lib/jaxb-runtime-2.3.2.jar
                                                                 [classpath] /var/lib/neo4j/lib/reactive-streams-1.0.4.jar
                                                                 [classpath] /var/lib/neo4j/lib/netty-transport-native-epoll-4.1.82.Final-linux-aarch_64.jar
                                                                 [classpath] /var/lib/neo4j/lib/neo4j-cypher-ir-5.1.0.jar
                                                                 [classpath] /var/lib/neo4j/lib/neo4j-cypher-physical-planning-5.1.0.jar
                                                                 [classpath] /var/lib/neo4j/lib/slf4j-nop-2.0.1.jar
                                                                 [classpath] /var/lib/neo4j/lib/javassist-3.25.0-GA.jar
                                                                 [classpath] /var/lib/neo4j/lib/neo4j-concurrent-5.1.0.jar
                                                                 [classpath] /var/lib/neo4j/lib/netty-transport-classes-epoll-4.1.82.Final.jar
                                                                 [classpath] /var/lib/neo4j/lib/annotations-5.1.0.jar
                                                                 [classpath] /var/lib/neo4j/lib/jersey-container-servlet-2.34.jar
                                                                 [classpath] /var/lib/neo4j/lib/neo4j-import-tool-5.1.0.jar
                                                                 [classpath] /var/lib/neo4j/lib/neo4j-bolt-5.1.0.jar
                                                                 [classpath] /var/lib/neo4j/lib/neo4j-java-driver-5.1.0.jar
                                                                 [classpath] /var/lib/neo4j/lib/neo4j-expressions-5.1.0.jar
                                                                 [classpath] /var/lib/neo4j/lib/netty-codec-4.1.82.Final.jar
                                                                 [classpath] /var/lib/neo4j/lib/neo4j-csv-5.1.0.jar
                                                                 [classpath] /var/lib/neo4j/lib/netty-handler-4.1.82.Final.jar
                                                                 [classpath] /var/lib/neo4j/conf/*
                                                                 [classpath] /var/lib/neo4j/lib/lucene-analysis-common-9.4.0.jar
                                                                 [classpath] /var/lib/neo4j/lib/neo4j-consistency-check-5.1.0.jar
                                                                 [classpath] /var/lib/neo4j/lib/WMI4Java-1.6.3.jar
                                                                 [classpath] /var/lib/neo4j/lib/jackson-module-jaxb-annotations-2.13.4.jar
                                                                 [classpath] /var/lib/neo4j/lib/neo4j-native-5.1.0.jar
                                                                 [classpath] /var/lib/neo4j/lib/neo4j-monitoring-5.1.0.jar
                                                                 [classpath] /var/lib/neo4j/lib/jProcesses-1.6.5.jar
                                                                 [classpath] /var/lib/neo4j/lib/ipaddress-5.3.4.jar
                                                                 [classpath] /var/lib/neo4j/lib/caffeine-3.1.1.jar
                                                                 [classpath] /var/lib/neo4j/lib/commons-collections-3.2.2.jar
                                                                 [classpath] /var/lib/neo4j/lib/neo4j-cypher-planner-5.1.0.jar
                                                                 [classpath] /var/lib/neo4j/lib/hk2-locator-2.6.1.jar
                                                                 [classpath] /var/lib/neo4j/lib/jersey-common-2.34.jar
                                                                 [classpath] /var/lib/neo4j/lib/jackson-jaxrs-base-2.13.4.jar
                                                                 [classpath] /var/lib/neo4j/lib/neo4j-buffers-5.1.0.jar
                                                                 [classpath] /var/lib/neo4j/lib/commons-configuration2-2.8.0.jar
                                                                 [classpath] /var/lib/neo4j/lib/netty-common-4.1.82.Final.jar
                                                                 [classpath] /var/lib/neo4j/lib/slf4j-api-2.0.1.jar
                                                                 [classpath] /var/lib/neo4j/lib/netty-transport-4.1.82.Final.jar
                                                                 [classpath] /var/lib/neo4j/lib/eclipse-collections-api-11.1.0.jar
                                                                 [classpath] /var/lib/neo4j/lib/neo4j-layout-5.1.0.jar
                                                                 [classpath] /var/lib/neo4j/lib/jersey-container-servlet-core-2.34.jar
                                                                 [classpath] /var/lib/neo4j/lib/neo4j-capabilities-5.1.0.jar
                                                                 [classpath] /var/lib/neo4j/lib/javax.ws.rs-api-2.1.1.jar
                                                                 [classpath] /var/lib/neo4j/lib/jansi-2.4.0.jar
                                                                 [classpath] /var/lib/neo4j/lib/neo4j-schema-5.1.0.jar
                                                                 [classpath] /var/lib/neo4j/lib/commons-compress-1.21.jar
                                                                 [classpath] /var/lib/neo4j/lib/neo4j-fulltext-index-5.1.0.jar
                                                                 [classpath] /var/lib/neo4j/lib/cypher-literal-interpreter-5.1.0.jar
                                                                 [classpath] /var/lib/neo4j/lib/jline-terminal-3.21.0.jar
                                                                 [classpath] /var/lib/neo4j/lib/neo4j-security-5.1.0.jar
                                                                 [classpath] /var/lib/neo4j/lib/neo4j-ssl-5.1.0.jar
                                                                 [classpath] /var/lib/neo4j/lib/lz4-java-1.8.0.jar
                                                                 [classpath] /var/lib/neo4j/lib/neo4j-codegen-5.1.0.jar
                                                                 [classpath] /var/lib/neo4j/lib/neo4j-server-5.1.0.jar
                                                                 [classpath] /var/lib/neo4j/lib/netty-transport-native-epoll-4.1.82.Final-linux-x86_64.jar
                                                                 [classpath] /var/lib/neo4j/lib/lucene-core-9.4.0.jar
                                                                 [classpath] /var/lib/neo4j/lib/lucene-backward-codecs-9.4.0.jar
                                                                 [classpath] /var/lib/neo4j/lib/cypher-shell-5.1.0.jar
                                                                 [classpath] /var/lib/neo4j/lib/shiro-lang-1.9.1.jar
                                                                 [classpath] /var/lib/neo4j/lib/jakarta.ws.rs-api-2.1.6.jar
                                                                 [classpath] /var/lib/neo4j/lib/zstd-proxy-5.1.0.jar
                                                                 [classpath] /var/lib/neo4j/lib/jackson-core-2.13.4.jar
                                                                 [classpath] /var/lib/neo4j/lib/neo4j-cypher-5.1.0.jar
                                                                 [classpath] /var/lib/neo4j/lib/jline-terminal-jansi-3.21.0.jar
                                                                 [classpath] /var/lib/neo4j/lib/neo4j-cypher-cache-5.1.0.jar
                                                                 [classpath] /var/lib/neo4j/lib/hk2-api-2.6.1.jar
                                                                 [classpath] /var/lib/neo4j/lib/server-api-5.1.0.jar
                                                                 [classpath] /var/lib/neo4j/lib/neo4j-front-end-5.1.0.jar
                                                                 [classpath] /var/lib/neo4j/lib/log4j-layout-template-json-2.18.0.jar
                                                                 [classpath] /var/lib/neo4j/lib/neo4j-ast-5.1.0.jar
                                                                 [classpath] /var/lib/neo4j/lib/neo4j-wal-5.1.0.jar
                                                                 [classpath] /var/lib/neo4j/lib/jettison-1.5.0.jar
                                                                 [classpath] /var/lib/neo4j/lib/istack-commons-runtime-3.0.8.jar
                                                                 [classpath] /var/lib/neo4j/lib/eclipse-collections-11.1.0.jar
                                                                 [classpath] /var/lib/neo4j/lib/log4j-api-2.18.0.jar
                                                                 [classpath] /var/lib/neo4j/lib/commons-io-2.11.0.jar
                                                                 [classpath] /var/lib/neo4j/lib/scala-library-2.13.8.jar
                                                                 [classpath] /var/lib/neo4j/lib/neo4j-index-5.1.0.jar
                                                                 [classpath] /var/lib/neo4j/lib/neo4j-diagnostics-5.1.0.jar
                                                                 [classpath] /var/lib/neo4j/lib/cypher-ast-factory-5.1.0.jar
                                                                 [classpath] /var/lib/neo4j/lib/neo4j-browser-4.4.7.jar
                                                                 [classpath] /var/lib/neo4j/lib/netty-buffer-4.1.82.Final.jar
                                                                 [classpath] /var/lib/neo4j/lib/jetty-xml-9.4.49.v20220914.jar
                                                                 [classpath] /var/lib/neo4j/lib/neo4j-graphdb-api-5.1.0.jar
                                                                 [classpath] /var/lib/neo4j/lib/neo4j-import-util-5.1.0.jar
                                                                 [classpath] /var/lib/neo4j/lib/jakarta.validation-api-2.0.2.jar
                                                                 [classpath] /var/lib/neo4j/lib/neo4j-resource-5.1.0.jar
                                                                 [classpath] /var/lib/neo4j/lib/kiama_2.13-2.5.0.jar
                                                                 [classpath] /var/lib/neo4j/lib/jackson-annotations-2.13.4.jar
                                                                 [classpath] /var/lib/neo4j/lib/magnolia_2.13-0.17.0.jar
                                                                 [classpath] /var/lib/neo4j/lib/neo4j-id-generator-5.1.0.jar
                                                                 [classpath] /var/lib/neo4j/lib/neo4j-cypher-macros-5.1.0.jar
                                                                 [classpath] /var/lib/neo4j/lib/jctools-core-4.0.1.jar
                                                                 [classpath] /var/lib/neo4j/lib/neo4j-storage-engine-util-5.1.0.jar
                                                                 [classpath] /var/lib/neo4j/lib/shiro-core-1.9.1.jar
                                                                 [classpath] /var/lib/neo4j/lib/neo4j-lock-5.1.0.jar
                                                                 [classpath] /var/lib/neo4j/lib/jna-5.12.1.jar
                                                                 [classpath] /var/lib/neo4j/lib/neo4j-lucene-index-5.1.0.jar
                                                                 [classpath] /var/lib/neo4j/lib/shiro-config-core-1.9.1.jar
                                                                 [classpath] /var/lib/neo4j/lib/shiro-crypto-hash-1.9.1.jar
                                                                 [classpath] /var/lib/neo4j/lib/jakarta.inject-2.6.1.jar
                                                                 [classpath] /var/lib/neo4j/lib/jetty-security-9.4.49.v20220914.jar
                                                                 [classpath] /var/lib/neo4j/lib/hk2-utils-2.6.1.jar
                                                                 [classpath] /var/lib/neo4j/lib/stax-ex-1.8.1.jar
                                                                 [classpath] /var/lib/neo4j/lib/neo4j-token-api-5.1.0.jar
                                                                 [classpath] /var/lib/neo4j/lib/txw2-2.3.2.jar
                                                                 [classpath] /var/lib/neo4j/lib/neo4j-cypher-expression-evaluator-5.1.0.jar
                                                                 [classpath] /var/lib/neo4j/lib/neo4j-cypher-runtime-util-5.1.0.jar
                                                                 [classpath] /var/lib/neo4j/lib/neo4j-collections-5.1.0.jar
                                                                 [classpath] /var/lib/neo4j/lib/jackson-jaxrs-json-provider-2.13.4.jar
                                                                 [classpath] /var/lib/neo4j/lib/netty-transport-native-unix-common-4.1.82.Final.jar
                                                                 [classpath] /var/lib/neo4j/lib/netty-transport-classes-kqueue-4.1.82.Final.jar
                                                                 [classpath] /var/lib/neo4j/lib/jline-reader-3.21.0.jar
                                                                 [classpath] /var/lib/neo4j/lib/FastInfoset-1.2.16.jar
                                                                 [classpath] /var/lib/neo4j/lib/neo4j-cypher-logical-plans-5.1.0.jar
                                                                 [classpath] /var/lib/neo4j/lib/argparse4j-0.9.0.jar
                                                                 [classpath] /var/lib/neo4j/lib/jetty-server-9.4.49.v20220914.jar
                                                                 [classpath] /var/lib/neo4j/lib/netty-transport-native-kqueue-4.1.82.Final-osx-x86_64.jar
                                                                 [classpath] /var/lib/neo4j/lib/commons-logging-1.2.jar
                                                                 [classpath] /var/lib/neo4j/lib/netty-resolver-4.1.82.Final.jar
                                                                 [classpath] /var/lib/neo4j/lib/neo4j-util-5.1.0.jar
                                                                 [classpath] /var/lib/neo4j/lib/log4j-core-2.18.0.jar
                                                                 [classpath] /var/lib/neo4j/lib/neo4j-values-5.1.0.jar
                                                                 [classpath] /var/lib/neo4j/lib/neo4j-record-storage-engine-5.1.0.jar
                                                                 [classpath] /var/lib/neo4j/lib/lucene-queryparser-9.4.0.jar
                                                                 [classpath] /var/lib/neo4j/lib/neo4j-5.1.0.jar
                                                                 [classpath] /var/lib/neo4j/lib/reactor-core-3.4.23.jar
                                                                 [classpath] /var/lib/neo4j/lib/neo4j-procedure-api-5.1.0.jar
                                                                 [classpath] /var/lib/neo4j/lib/neo4j-command-line-5.1.0.jar
                                                                 [classpath] /var/lib/neo4j/lib/neo4j-cypher-interpreted-runtime-5.1.0.jar
                                                                 [classpath] /var/lib/neo4j/lib/shiro-crypto-core-1.9.1.jar
                                                                 [classpath] /var/lib/neo4j/lib/neo4j-bootcheck-5.1.0.jar
                                                                 [classpath] /var/lib/neo4j/lib/neo4j-io-5.1.0.jar
                                                                 [classpath] /var/lib/neo4j/lib/jetty-util-9.4.49.v20220914.jar
                                                                 [classpath] /var/lib/neo4j/lib/neo4j-unsafe-5.1.0.jar
                                                                 [classpath] /var/lib/neo4j/lib/zstd-jni-1.5.2-4.jar
                                                                 [classpath] /var/lib/neo4j/lib/shiro-crypto-cipher-1.9.1.jar
                                                                 [classpath] /var/lib/neo4j/lib/jakarta.annotation-api-1.3.5.jar
                                                                 [classpath] /var/lib/neo4j/lib/neo4j-kernel-api-5.1.0.jar
                                                                 [classpath] /var/lib/neo4j/lib/neo4j-push-to-cloud-5.1.0.jar
                                                                 [classpath] /var/lib/neo4j/lib/jaxb-api-2.3.0.jar
                                                                 [classpath] /var/lib/neo4j/lib/jetty-webapp-9.4.49.v20220914.jar
                                                                 [classpath] /var/lib/neo4j/lib/neo4j-cypher-ast-factory-5.1.0.jar
                                                                 [classpath] /var/lib/neo4j/lib/neo4j-procedure-5.1.0.jar
                                                                 [classpath] /var/lib/neo4j/lib/netty-codec-http-4.1.82.Final.jar
                                                                 [classpath] /var/lib/neo4j/lib/commons-lang3-3.12.0.jar
                                                                 [classpath] /var/lib/neo4j/lib/neo4j-fabric-5.1.0.jar
                                                                 [classpath] /var/lib/neo4j/lib/jetty-http-9.4.49.v20220914.jar
                                                                 [classpath] /var/lib/neo4j/lib/neo4j-kernel-5.1.0.jar
                                                                 [classpath] /var/lib/neo4j/lib/netty-tcnative-classes-2.0.54.Final.jar
                                                                 [classpath] /var/lib/neo4j/lib/neo4j-graph-algo-5.1.0.jar
                                                                 [classpath] /var/lib/neo4j/lib/picocli-4.6.3.jar
                                                                 [classpath] /var/lib/neo4j/lib/commons-text-1.9.jar
                                                                 [classpath] /var/lib/neo4j/lib/shiro-cache-1.9.1.jar
                                                                 [classpath] /var/lib/neo4j/lib/neo4j-logging-5.1.0.jar
                                                                 [classpath] /var/lib/neo4j/lib/javax.servlet-api-3.1.0.jar
                                                                 [classpath] /var/lib/neo4j/lib/neo4j-exceptions-5.1.0.jar
                                                                 [classpath] /var/lib/neo4j/lib/commons-beanutils-1.9.4.jar
                                                                 [classpath] /var/lib/neo4j/lib/jersey-server-2.34.jar
                                                                 [classpath] /var/lib/neo4j/lib/neo4j-rewriting-5.1.0.jar
                                                                 [classpath] /var/lib/neo4j/lib/neo4j-cypher-javacc-parser-5.1.0.jar
                                                                 [classpath] /var/lib/neo4j/lib/neo4j-configuration-5.1.0.jar
                                                                 [classpath] /var/lib/neo4j/lib/shiro-config-ogdl-1.9.1.jar
                                                                 [classpath] /var/lib/neo4j/lib/neo4j-dbms-5.1.0.jar
                                                                 [classpath] /var/lib/neo4j/lib/neo4j-data-collector-5.1.0.jar
                                                                 [classpath] /var/lib/neo4j/lib/neo4j-cypher-slotted-runtime-5.1.0.jar
                                                                 [classpath] /var/lib/neo4j/lib/netty-transport-native-kqueue-4.1.82.Final-osx-aarch_64.jar
                                                                 [classpath] /var/lib/neo4j/lib/jersey-client-2.34.jar
                                                                 [classpath] /var/lib/neo4j/lib/neo4j-common-5.1.0.jar
                                                                 [classpath] /var/lib/neo4j/lib/jackson-databind-2.13.4.jar
                                                                 [classpath] /var/lib/neo4j/lib/jersey-hk2-2.34.jar
                                                                
                                                                --------------------------------------------------------------------------------
                                                                                                [ Library path ]                                
                                                                --------------------------------------------------------------------------------
                                                                /usr/java/packages/lib
                                                                /usr/lib64
                                                                /lib64
                                                                /lib
                                                                /usr/lib
                                                                
                                                                --------------------------------------------------------------------------------
                                                                                             [ System properties ]                              
                                                                --------------------------------------------------------------------------------
                                                                sun.jnu.encoding = ANSI_X3.4-1968
                                                                sun.arch.data.model = 64
                                                                user.timezone = Etc/UTC
                                                                sun.java.launcher = SUN_STANDARD
                                                                user.country = US
                                                                sun.boot.library.path = /opt/java/openjdk/lib
                                                                sun.java.command = org.neo4j.server.CommunityEntryPoint --home-dir=/var/lib/neo4j --config-dir=/var/lib/neo4j/conf --console-mode
                                                                jdk.debug = release
                                                                sun.cpu.endian = little
                                                                user.home = /var/lib/neo4j
                                                                user.language = en
                                                                file.separator = /
                                                                sun.management.compiler = HotSpot 64-Bit Tiered Compilers
                                                                user.name = neo4j
                                                                path.separator = :
                                                                file.encoding = UTF-8
                                                                jnidispatch.path = /var/lib/neo4j/.cache/JNA/temp/jna5801492069762076488.tmp
                                                                jna.loaded = true
                                                                user.dir = /var/lib/neo4j
                                                                native.encoding = ANSI_X3.4-1968
                                                                sun.io.unicode.encoding = UnicodeLittle
                                                                
                                                                --------------------------------------------------------------------------------
                                                                                      [ (IANA) TimeZone database version ]                      
                                                                --------------------------------------------------------------------------------
                                                                  TimeZone version: 2022c (available for 602 zone identifiers)
                                                                
                                                                --------------------------------------------------------------------------------
                                                                                            [ Network information ]                             
                                                                --------------------------------------------------------------------------------
                                                                Interface eth0:
                                                                    address: 172.19.0.4
                                                                Interface lo:
                                                                    address: 127.0.0.1
                                                                
                                                                --------------------------------------------------------------------------------
                                                                                         [ Native access information ]                          
                                                                --------------------------------------------------------------------------------
                                                                Native access details: Linux native access is available.
                                                                
                                                                --------------------------------------------------------------------------------
                                                                                                [ DBMS config ]                                 
                                                                --------------------------------------------------------------------------------
                                                                DBMS provided settings:
                                                                db.tx_log.rotation.retention_policy=100M size
                                                                server.default_listen_address=0.0.0.0
                                                                server.directories.import=/import
                                                                server.directories.logs=/logs
                                                                server.directories.neo4j_home=/var/lib/neo4j
                                                                server.directories.plugins=/plugins
                                                                server.memory.pagecache.size=512.00MiB
                                                                
2022-11-21 13:23:14.485+0000 INFO  [o.n.d.i.DefaultIdentityModule] Generated new ServerId: ServerId{e824fa29} (e824fa29-8b58-4b7c-84bc-032c651d8ac9)
2022-11-21 13:23:14.489+0000 INFO  [o.n.d.i.DefaultIdentityModule] This instance is ServerId{e824fa29} (e824fa29-8b58-4b7c-84bc-032c651d8ac9)
2022-11-21 13:23:14.506+0000 INFO  [o.n.g.f.EditionLocksFactories] Locking implementation 'forseti' selected.
2022-11-21 13:23:15.860+0000 INFO  [o.n.s.CommunityNeoWebServer] ======== Neo4j 5.1.0 ========
2022-11-21 13:23:15.881+0000 INFO  [o.n.d.d.DatabaseLifecycles] Creating 'DatabaseId{00000000[system]}'.
2022-11-21 13:23:16.036+0000 INFO  [o.n.b.BoltServer] Using connector transport epoll
2022-11-21 13:23:16.128+0000 INFO  [o.n.b.BoltServer] Configured external Bolt connector with listener address /0.0.0.0:7687
2022-11-21 13:23:16.129+0000 INFO  [o.n.b.BoltServer] Bolt server loaded
2022-11-21 13:23:16.167+0000 INFO  [o.n.d.d.DatabaseLifecycles] Starting 'DatabaseId{00000000[system]}'.
2022-11-21 13:23:18.641+0000 INFO  [o.n.i.d.DiagnosticsManager] [system/00000000] 
                                                                [system/00000000] ********************************************************************************
                                                                [system/00000000]                               [ Database: system ]                              
                                                                [system/00000000] ********************************************************************************
                                                                [system/00000000] --------------------------------------------------------------------------------
                                                                [system/00000000]                                   [ Version ]                                   
                                                                [system/00000000] --------------------------------------------------------------------------------
                                                                [system/00000000] DBMS: community record-aligned-1.1
                                                                [system/00000000] Kernel version: 5.1.0
                                                                [system/00000000] 
                                                                [system/00000000] --------------------------------------------------------------------------------
                                                                [system/00000000]                                 [ Store files ]                                 
                                                                [system/00000000] --------------------------------------------------------------------------------
                                                                [system/00000000] Disk space on partition (Total / Free / Free %): 474848686080 / 384614174720 / 80
                                                                [system/00000000] Storage files stored on file store: 9p
                                                                [system/00000000] Storage files: (filename : modification date - size)
                                                                [system/00000000]   neostore: 2022-11-21 13:23:18.128+0000 - 8.000KiB
                                                                [system/00000000]   neostore.counts.db: 2022-11-21 13:23:18.209+0000 - 40.00KiB
                                                                [system/00000000]   neostore.indexstats.db: 2022-11-21 13:23:18.356+0000 - 40.00KiB
                                                                [system/00000000]   neostore.labeltokenstore.db: 2022-11-21 13:23:17.928+0000 - 0B
                                                                [system/00000000]   neostore.labeltokenstore.db.id: 2022-11-21 13:23:17.900+0000 - 40.00KiB
                                                                [system/00000000]   neostore.labeltokenstore.db.names: 2022-11-21 13:23:17.832+0000 - 8.000KiB
                                                                [system/00000000]   neostore.labeltokenstore.db.names.id: 2022-11-21 13:23:17.798+0000 - 40.00KiB
                                                                [system/00000000]   neostore.nodestore.db: 2022-11-21 13:23:16.940+0000 - 0B
                                                                [system/00000000]   neostore.nodestore.db.id: 2022-11-21 13:23:16.910+0000 - 40.00KiB
                                                                [system/00000000]   neostore.nodestore.db.labels: 2022-11-21 13:23:16.827+0000 - 8.000KiB
                                                                [system/00000000]   neostore.nodestore.db.labels.id: 2022-11-21 13:23:16.780+0000 - 40.00KiB
                                                                [system/00000000]   neostore.propertystore.db: 2022-11-21 13:23:17.506+0000 - 0B
                                                                [system/00000000]   neostore.propertystore.db.arrays: 2022-11-21 13:23:17.420+0000 - 8.000KiB
                                                                [system/00000000]   neostore.propertystore.db.arrays.id: 2022-11-21 13:23:17.386+0000 - 40.00KiB
                                                                [system/00000000]   neostore.propertystore.db.id: 2022-11-21 13:23:17.481+0000 - 40.00KiB
                                                                [system/00000000]   neostore.propertystore.db.index: 2022-11-21 13:23:17.163+0000 - 0B
                                                                [system/00000000]   neostore.propertystore.db.index.id: 2022-11-21 13:23:17.127+0000 - 40.00KiB
                                                                [system/00000000]   neostore.propertystore.db.index.keys: 2022-11-21 13:23:17.049+0000 - 8.000KiB
                                                                [system/00000000]   neostore.propertystore.db.index.keys.id: 2022-11-21 13:23:17.006+0000 - 40.00KiB
                                                                [system/00000000]   neostore.propertystore.db.strings: 2022-11-21 13:23:17.235+0000 - 8.000KiB
                                                                [system/00000000]   neostore.propertystore.db.strings.id: 2022-11-21 13:23:17.208+0000 - 40.00KiB
                                                                [system/00000000]   neostore.relationshipgroupstore.db: 2022-11-21 13:23:18.083+0000 - 8.000KiB
                                                                [system/00000000]   neostore.relationshipgroupstore.db.id: 2022-11-21 13:23:18.059+0000 - 40.00KiB
                                                                [system/00000000]   neostore.relationshipgroupstore.degrees.db: 2022-11-21 13:23:18.280+0000 - 40.00KiB
                                                                [system/00000000]   neostore.relationshipstore.db: 2022-11-21 13:23:17.591+0000 - 0B
                                                                [system/00000000]   neostore.relationshipstore.db.id: 2022-11-21 13:23:17.567+0000 - 40.00KiB
                                                                [system/00000000]   neostore.relationshiptypestore.db: 2022-11-21 13:23:17.761+0000 - 0B
                                                                [system/00000000]   neostore.relationshiptypestore.db.id: 2022-11-21 13:23:17.735+0000 - 40.00KiB
                                                                [system/00000000]   neostore.relationshiptypestore.db.names: 2022-11-21 13:23:17.666+0000 - 8.000KiB
                                                                [system/00000000]   neostore.relationshiptypestore.db.names.id: 2022-11-21 13:23:17.640+0000 - 40.00KiB
                                                                [system/00000000]   neostore.schemastore.db: 2022-11-21 13:23:17.992+0000 - 8.000KiB
                                                                [system/00000000]   neostore.schemastore.db.id: 2022-11-21 13:23:17.962+0000 - 40.00KiB
                                                                [system/00000000] Storage summary: 
                                                                [system/00000000]   Total size of store: 752.0KiB
                                                                [system/00000000]   Total size of mapped files: 72.00KiB
                                                                [system/00000000] 
                                                                [system/00000000] --------------------------------------------------------------------------------
                                                                [system/00000000]                               [ Transaction log ]                               
                                                                [system/00000000] --------------------------------------------------------------------------------
                                                                [system/00000000] Transaction log files stored on file store: 9p
                                                                [system/00000000] Transaction log files:
                                                                [system/00000000]  - existing transaction log versions -1--1
                                                                [system/00000000]  - no transactions found
                                                                [system/00000000] Checkpoint log files:
                                                                [system/00000000]  - existing checkpoint log versions -1--1
                                                                [system/00000000]  - no checkpoints found
                                                                [system/00000000] 
                                                                [system/00000000] --------------------------------------------------------------------------------
                                                                [system/00000000]                                   [ Id usage ]                                  
                                                                [system/00000000] --------------------------------------------------------------------------------
                                                                [system/00000000] ArrayPropertyStore[neostore.nodestore.db.labels]: used=1 high=0
                                                                [system/00000000] NodeStore[neostore.nodestore.db]: used=0 high=-1
                                                                [system/00000000] StringPropertyStore[neostore.propertystore.db.index.keys]: used=1 high=0
                                                                [system/00000000] PropertyIndexStore[neostore.propertystore.db.index]: used=0 high=-1
                                                                [system/00000000] StringPropertyStore[neostore.propertystore.db.strings]: used=1 high=0
                                                                [system/00000000] ArrayPropertyStore[neostore.propertystore.db.arrays]: used=1 high=0
                                                                [system/00000000] PropertyStore[neostore.propertystore.db]: used=0 high=-1
                                                                [system/00000000] RelationshipStore[neostore.relationshipstore.db]: used=0 high=-1
                                                                [system/00000000] StringPropertyStore[neostore.relationshiptypestore.db.names]: used=1 high=0
                                                                [system/00000000] RelationshipTypeStore[neostore.relationshiptypestore.db]: used=0 high=-1
                                                                [system/00000000] StringPropertyStore[neostore.labeltokenstore.db.names]: used=1 high=0
                                                                [system/00000000] LabelTokenStore[neostore.labeltokenstore.db]: used=0 high=-1
                                                                [system/00000000] SchemaStore[neostore.schemastore.db]: used=1 high=0
                                                                [system/00000000] RelationshipGroupStore[neostore.relationshipgroupstore.db]: used=1 high=0
                                                                [system/00000000] NeoStore[neostore]: used=-1 high=-1
                                                                [system/00000000] 
                                                                [system/00000000] --------------------------------------------------------------------------------
                                                                [system/00000000]                                   [ Metadata ]                                  
                                                                [system/00000000] --------------------------------------------------------------------------------
                                                                [system/00000000] EXTERNAL_STORE_UUID (Database identifier exposed as external store identity. Generated on creation and never updated): 496c541f-30fe-47d4-841b-a57b6d899bc6
                                                                [system/00000000] DATABASE_ID (The last used DatabaseId for this database): null
                                                                [system/00000000] LEGACY_STORE_VERSION (Legacy store format version. This field is used from 5.0 onwards only to distinguish non-migrated pre 5.0 metadata stores.): -3523014627327384477
                                                                [system/00000000] STORE_ID (Store ID): StoreId{creationTime=1669036998127, random=-7031096626502151479, storageEngineName='record', formatName='aligned', majorVersion=1, minorVersion=1}
                                                                [system/00000000] 
2022-11-21 13:23:18.694+0000 INFO  [o.n.k.a.DatabaseAvailabilityGuard] [system/00000000] Requirement `Database unavailable` makes database system unavailable.
2022-11-21 13:23:18.695+0000 INFO  [o.n.k.a.DatabaseAvailabilityGuard] [system/00000000] DatabaseId{00000000[system]} is unavailable.
2022-11-21 13:23:18.732+0000 WARN  [o.n.k.i.s.MetaDataStore] [system/00000000] Missing counts store, rebuilding it.
2022-11-21 13:23:18.740+0000 WARN  [o.n.k.i.s.MetaDataStore] [system/00000000] Counts store rebuild completed.
2022-11-21 13:23:18.750+0000 WARN  [o.n.k.i.t.l.f.LogFileChannelNativeAccessor] [system/00000000] Error on attempt to preallocate log file version: 0. Error: ErrorCode=-1, errorMessage='Incorrect file descriptor.'
2022-11-21 13:23:18.814+0000 INFO  [o.n.k.d.Database] [system/00000000] Starting transaction log [/var/lib/neo4j/data/transactions/system/neostore.transaction.db.0] at version=0
2022-11-21 13:23:18.828+0000 WARN  [o.n.k.i.t.l.f.c.CheckpointFileChannelNativeAccessor] [system/00000000] Error on attempt to preallocate log file version: 0. Error: ErrorCode=-1, errorMessage='Incorrect file descriptor.'
2022-11-21 13:23:18.880+0000 INFO  [o.n.k.d.Database] [system/00000000] Starting transaction log [/var/lib/neo4j/data/transactions/system/checkpoint.0] at version=0
2022-11-21 13:23:18.898+0000 WARN  [o.n.k.i.t.l.f.c.CheckpointFileChannelNativeAccessor] [system/00000000] Unable to advise sequential access for transaction log version: 0. Error: ErrorCode=-1, errorMessage='Incorrect file descriptor.'
2022-11-21 13:23:18.899+0000 WARN  [o.n.k.i.t.l.f.c.CheckpointFileChannelNativeAccessor] [system/00000000] Unable to advise preserve data in cache for transaction log version: 0. Error: ErrorCode=-1, errorMessage='Incorrect file descriptor.'
2022-11-21 13:23:18.901+0000 INFO  [o.n.k.i.t.l.f.c.CheckpointLogFile] [system/00000000] Scanning log file with version 0 for checkpoint entries
2022-11-21 13:23:18.902+0000 WARN  [o.n.k.i.t.l.f.c.CheckpointFileChannelNativeAccessor] [system/00000000] Unable to evict transaction log from cache with version: 0. Error: ErrorCode=-1, errorMessage='Incorrect file descriptor.'
2022-11-21 13:23:18.906+0000 WARN  [o.n.k.i.t.l.f.LogFileChannelNativeAccessor] [system/00000000] Unable to advise sequential access for transaction log version: 0. Error: ErrorCode=-1, errorMessage='Incorrect file descriptor.'
2022-11-21 13:23:18.907+0000 WARN  [o.n.k.i.t.l.f.LogFileChannelNativeAccessor] [system/00000000] Unable to advise preserve data in cache for transaction log version: 0. Error: ErrorCode=-1, errorMessage='Incorrect file descriptor.'
2022-11-21 13:23:18.909+0000 WARN  [o.n.k.i.t.l.f.LogFileChannelNativeAccessor] [system/00000000] Unable to evict transaction log from cache with version: 0. Error: ErrorCode=-1, errorMessage='Incorrect file descriptor.'
2022-11-21 13:23:18.914+0000 WARN  [o.n.k.i.t.l.f.LogFileChannelNativeAccessor] [system/00000000] Unable to advise sequential access for transaction log version: 0. Error: ErrorCode=-1, errorMessage='Incorrect file descriptor.'
2022-11-21 13:23:18.915+0000 WARN  [o.n.k.i.t.l.f.LogFileChannelNativeAccessor] [system/00000000] Unable to advise preserve data in cache for transaction log version: 0. Error: ErrorCode=-1, errorMessage='Incorrect file descriptor.'
2022-11-21 13:23:18.916+0000 WARN  [o.n.k.i.t.l.f.LogFileChannelNativeAccessor] [system/00000000] Unable to evict transaction log from cache with version: 0. Error: ErrorCode=-1, errorMessage='Incorrect file descriptor.'
2022-11-21 13:23:18.980+0000 INFO  [o.n.k.a.DatabaseAvailabilityGuard] [system/00000000] Fulfilling of requirement 'Database unavailable' makes database system available.
2022-11-21 13:23:18.981+0000 INFO  [o.n.k.a.DatabaseAvailabilityGuard] [system/00000000] DatabaseId{00000000[system]} is ready.
2022-11-21 13:23:19.526+0000 INFO  [o.n.k.i.a.i.IndexPopulationJob] [system/00000000] Index population started: [Index( id=2, name='index_f7700477', type='LOOKUP', schema=()-[:<any-types>]-(), indexProvider='token-lookup-1.0' )]
2022-11-21 13:23:19.798+0000 INFO  [o.n.k.i.a.i.IndexPopulationJob] [system/00000000] Index creation finished for index [Index( id=2, name='index_f7700477', type='LOOKUP', schema=()-[:<any-types>]-(), indexProvider='token-lookup-1.0' )].
2022-11-21 13:23:19.874+0000 INFO  [o.n.k.i.a.i.IndexPopulationJob] [system/00000000] Index population started: [Index( id=1, name='index_343aff4e', type='LOOKUP', schema=(:<any-labels>), indexProvider='token-lookup-1.0' )]
2022-11-21 13:23:20.040+0000 INFO  [o.n.k.i.a.i.IndexPopulationJob] [system/00000000] Index creation finished for index [Index( id=1, name='index_343aff4e', type='LOOKUP', schema=(:<any-labels>), indexProvider='token-lookup-1.0' )].
2022-11-21 13:23:20.444+0000 INFO  [o.n.k.i.a.i.IndexPopulationJob] [system/00000000] Index population started: [Index( id=3, name='constraint_798238d6', type='RANGE', schema=(:DatabaseName {name, namespace}), indexProvider='range-1.0' )]
2022-11-21 13:23:20.745+0000 INFO  [o.n.k.i.a.i.IndexPopulationJob] [system/00000000] Index creation finished for index [Index( id=3, name='constraint_798238d6', type='RANGE', schema=(:DatabaseName {name, namespace}), indexProvider='range-1.0' )].
2022-11-21 13:23:20.871+0000 INFO  [o.n.k.i.a.i.IndexPopulationJob] [system/00000000] Index population started: [Index( id=4, name='constraint_8014b60a', type='RANGE', schema=(:Database {name}), indexProvider='range-1.0' )]
2022-11-21 13:23:21.054+0000 INFO  [o.n.k.i.a.i.IndexPopulationJob] [system/00000000] Index creation finished for index [Index( id=4, name='constraint_8014b60a', type='RANGE', schema=(:Database {name}), indexProvider='range-1.0' )].
2022-11-21 13:23:21.219+0000 INFO  [o.n.k.i.a.i.IndexingService] [system/00000000] Constraint Index( id=3, name='constraint_798238d6', type='RANGE', schema=(:Label[1] {PropertyKey[11], PropertyKey[12]}), indexProvider='range-1.0' ) is ONLINE.
2022-11-21 13:23:21.221+0000 INFO  [o.n.k.i.a.i.IndexingService] [system/00000000] Constraint Index( id=4, name='constraint_8014b60a', type='RANGE', schema=(:Label[2] {PropertyKey[11]}), indexProvider='range-1.0' ) is ONLINE.
2022-11-21 13:23:22.095+0000 INFO  [o.n.k.i.a.i.IndexPopulationJob] [system/00000000] Index population started: [Index( id=7, name='constraint_5789ae3', type='RANGE', schema=(:User {name}), indexProvider='range-1.0' )]
2022-11-21 13:23:22.305+0000 INFO  [o.n.k.i.a.i.IndexPopulationJob] [system/00000000] Index creation finished for index [Index( id=7, name='constraint_5789ae3', type='RANGE', schema=(:User {name}), indexProvider='range-1.0' )].
2022-11-21 13:23:22.508+0000 INFO  [o.n.k.i.a.i.IndexPopulationJob] [system/00000000] Index population started: [Index( id=8, name='constraint_74fad970', type='RANGE', schema=(:User {id}), indexProvider='range-1.0' )]
2022-11-21 13:23:22.709+0000 INFO  [o.n.k.i.a.i.IndexPopulationJob] [system/00000000] Index creation finished for index [Index( id=8, name='constraint_74fad970', type='RANGE', schema=(:User {id}), indexProvider='range-1.0' )].
2022-11-21 13:23:22.826+0000 INFO  [o.n.k.i.a.i.IndexingService] [system/00000000] Constraint Index( id=7, name='constraint_5789ae3', type='RANGE', schema=(:Label[3] {PropertyKey[11]}), indexProvider='range-1.0' ) is ONLINE.
2022-11-21 13:23:22.827+0000 INFO  [o.n.k.i.a.i.IndexingService] [system/00000000] Constraint Index( id=8, name='constraint_74fad970', type='RANGE', schema=(:Label[3] {PropertyKey[25]}), indexProvider='range-1.0' ) is ONLINE.
2022-11-21 13:23:22.832+0000 INFO  [o.n.s.s.s.UserSecurityGraphComponent] Initializing system graph model for component 'security-users' with version -1 and status UNINITIALIZED
2022-11-21 13:23:22.841+0000 INFO  [o.n.s.s.s.UserSecurityGraphComponent] Setting up initial user from defaults: neo4j
2022-11-21 13:23:22.843+0000 INFO  [o.n.s.s.a.CommunitySecurityModule] CREATE USER neo4j PASSWORD ****** CHANGE REQUIRED
2022-11-21 13:23:22.971+0000 INFO  [o.n.s.s.s.UserSecurityGraphComponent] Setting version for 'security-users' to 4
2022-11-21 13:23:23.006+0000 INFO  [o.n.s.s.s.UserSecurityGraphComponent] After initialization of system graph model component 'security-users' have version 4 and status CURRENT
2022-11-21 13:23:23.044+0000 INFO  [o.n.s.s.s.UserSecurityGraphComponent] Performing postInitialization step for component 'security-users' with version 4 and status CURRENT
2022-11-21 13:23:23.051+0000 INFO  [o.n.d.d.DatabaseLifecycles] Creating 'DatabaseId{a4280c77[neo4j]}'.
2022-11-21 13:23:23.057+0000 INFO  [o.n.d.d.DatabaseLifecycles] Starting 'DatabaseId{a4280c77[neo4j]}'.
2022-11-21 13:23:23.088+0000 INFO  [o.n.k.i.s.f.RecordFormatSelector] [neo4j/a4280c77] Selected configured format for store /var/lib/neo4j/data/databases/neo4j: RecordFormat:PageAlignedV5_0[aligned-1.1]
2022-11-21 13:23:24.811+0000 INFO  [o.n.i.d.DiagnosticsManager] [neo4j/a4280c77] 
                                                                [neo4j/a4280c77] ********************************************************************************
                                                                [neo4j/a4280c77]                               [ Database: neo4j ]                               
                                                                [neo4j/a4280c77] ********************************************************************************
                                                                [neo4j/a4280c77] --------------------------------------------------------------------------------
                                                                [neo4j/a4280c77]                                   [ Version ]                                   
                                                                [neo4j/a4280c77] --------------------------------------------------------------------------------
                                                                [neo4j/a4280c77] DBMS: community record-aligned-1.1
                                                                [neo4j/a4280c77] Kernel version: 5.1.0
                                                                [neo4j/a4280c77] 
                                                                [neo4j/a4280c77] --------------------------------------------------------------------------------
                                                                [neo4j/a4280c77]                                 [ Store files ]                                 
                                                                [neo4j/a4280c77] --------------------------------------------------------------------------------
                                                                [neo4j/a4280c77] Disk space on partition (Total / Free / Free %): 474848686080 / 384613138432 / 80
                                                                [neo4j/a4280c77] Storage files stored on file store: 9p
                                                                [neo4j/a4280c77] Storage files: (filename : modification date - size)
                                                                [neo4j/a4280c77]   neostore: 2022-11-21 13:23:24.401+0000 - 8.000KiB
                                                                [neo4j/a4280c77]   neostore.counts.db: 2022-11-21 13:23:24.467+0000 - 40.00KiB
                                                                [neo4j/a4280c77]   neostore.indexstats.db: 2022-11-21 13:23:24.678+0000 - 40.00KiB
                                                                [neo4j/a4280c77]   neostore.labeltokenstore.db: 2022-11-21 13:23:24.203+0000 - 0B
                                                                [neo4j/a4280c77]   neostore.labeltokenstore.db.id: 2022-11-21 13:23:24.178+0000 - 40.00KiB
                                                                [neo4j/a4280c77]   neostore.labeltokenstore.db.names: 2022-11-21 13:23:24.101+0000 - 8.000KiB
                                                                [neo4j/a4280c77]   neostore.labeltokenstore.db.names.id: 2022-11-21 13:23:24.055+0000 - 40.00KiB
                                                                [neo4j/a4280c77]   neostore.nodestore.db: 2022-11-21 13:23:23.249+0000 - 0B
                                                                [neo4j/a4280c77]   neostore.nodestore.db.id: 2022-11-21 13:23:23.225+0000 - 40.00KiB
                                                                [neo4j/a4280c77]   neostore.nodestore.db.labels: 2022-11-21 13:23:23.159+0000 - 8.000KiB
                                                                [neo4j/a4280c77]   neostore.nodestore.db.labels.id: 2022-11-21 13:23:23.121+0000 - 40.00KiB
                                                                [neo4j/a4280c77]   neostore.propertystore.db: 2022-11-21 13:23:23.660+0000 - 0B
                                                                [neo4j/a4280c77]   neostore.propertystore.db.arrays: 2022-11-21 13:23:23.562+0000 - 8.000KiB
                                                                [neo4j/a4280c77]   neostore.propertystore.db.arrays.id: 2022-11-21 13:23:23.539+0000 - 40.00KiB
                                                                [neo4j/a4280c77]   neostore.propertystore.db.id: 2022-11-21 13:23:23.630+0000 - 40.00KiB
                                                                [neo4j/a4280c77]   neostore.propertystore.db.index: 2022-11-21 13:23:23.407+0000 - 0B
                                                                [neo4j/a4280c77]   neostore.propertystore.db.index.id: 2022-11-21 13:23:23.380+0000 - 40.00KiB
                                                                [neo4j/a4280c77]   neostore.propertystore.db.index.keys: 2022-11-21 13:23:23.314+0000 - 8.000KiB
                                                                [neo4j/a4280c77]   neostore.propertystore.db.index.keys.id: 2022-11-21 13:23:23.276+0000 - 40.00KiB
                                                                [neo4j/a4280c77]   neostore.propertystore.db.strings: 2022-11-21 13:23:23.471+0000 - 8.000KiB
                                                                [neo4j/a4280c77]   neostore.propertystore.db.strings.id: 2022-11-21 13:23:23.443+0000 - 40.00KiB
                                                                [neo4j/a4280c77]   neostore.relationshipgroupstore.db: 2022-11-21 13:23:24.362+0000 - 8.000KiB
                                                                [neo4j/a4280c77]   neostore.relationshipgroupstore.db.id: 2022-11-21 13:23:24.331+0000 - 40.00KiB
                                                                [neo4j/a4280c77]   neostore.relationshipgroupstore.degrees.db: 2022-11-21 13:23:24.542+0000 - 40.00KiB
                                                                [neo4j/a4280c77]   neostore.relationshipstore.db: 2022-11-21 13:23:23.755+0000 - 0B
                                                                [neo4j/a4280c77]   neostore.relationshipstore.db.id: 2022-11-21 13:23:23.711+0000 - 40.00KiB
                                                                [neo4j/a4280c77]   neostore.relationshiptypestore.db: 2022-11-21 13:23:23.991+0000 - 0B
                                                                [neo4j/a4280c77]   neostore.relationshiptypestore.db.id: 2022-11-21 13:23:23.942+0000 - 40.00KiB
                                                                [neo4j/a4280c77]   neostore.relationshiptypestore.db.names: 2022-11-21 13:23:23.851+0000 - 8.000KiB
                                                                [neo4j/a4280c77]   neostore.relationshiptypestore.db.names.id: 2022-11-21 13:23:23.807+0000 - 40.00KiB
                                                                [neo4j/a4280c77]   neostore.schemastore.db: 2022-11-21 13:23:24.264+0000 - 8.000KiB
                                                                [neo4j/a4280c77]   neostore.schemastore.db.id: 2022-11-21 13:23:24.237+0000 - 40.00KiB
                                                                [neo4j/a4280c77] Storage summary: 
                                                                [neo4j/a4280c77]   Total size of store: 752.0KiB
                                                                [neo4j/a4280c77]   Total size of mapped files: 72.00KiB
                                                                [neo4j/a4280c77] 
                                                                [neo4j/a4280c77] --------------------------------------------------------------------------------
                                                                [neo4j/a4280c77]                               [ Transaction log ]                               
                                                                [neo4j/a4280c77] --------------------------------------------------------------------------------
                                                                [neo4j/a4280c77] Transaction log files stored on file store: 9p
                                                                [neo4j/a4280c77] Transaction log files:
                                                                [neo4j/a4280c77]  - existing transaction log versions -1--1
                                                                [neo4j/a4280c77]  - no transactions found
                                                                [neo4j/a4280c77] Checkpoint log files:
                                                                [neo4j/a4280c77]  - existing checkpoint log versions -1--1
                                                                [neo4j/a4280c77]  - no checkpoints found
                                                                [neo4j/a4280c77] 
                                                                [neo4j/a4280c77] --------------------------------------------------------------------------------
                                                                [neo4j/a4280c77]                                   [ Id usage ]                                  
                                                                [neo4j/a4280c77] --------------------------------------------------------------------------------
                                                                [neo4j/a4280c77] ArrayPropertyStore[neostore.nodestore.db.labels]: used=1 high=0
                                                                [neo4j/a4280c77] NodeStore[neostore.nodestore.db]: used=0 high=-1
                                                                [neo4j/a4280c77] StringPropertyStore[neostore.propertystore.db.index.keys]: used=1 high=0
                                                                [neo4j/a4280c77] PropertyIndexStore[neostore.propertystore.db.index]: used=0 high=-1
                                                                [neo4j/a4280c77] StringPropertyStore[neostore.propertystore.db.strings]: used=1 high=0
                                                                [neo4j/a4280c77] ArrayPropertyStore[neostore.propertystore.db.arrays]: used=1 high=0
                                                                [neo4j/a4280c77] PropertyStore[neostore.propertystore.db]: used=0 high=-1
                                                                [neo4j/a4280c77] RelationshipStore[neostore.relationshipstore.db]: used=0 high=-1
                                                                [neo4j/a4280c77] StringPropertyStore[neostore.relationshiptypestore.db.names]: used=1 high=0
                                                                [neo4j/a4280c77] RelationshipTypeStore[neostore.relationshiptypestore.db]: used=0 high=-1
                                                                [neo4j/a4280c77] StringPropertyStore[neostore.labeltokenstore.db.names]: used=1 high=0
                                                                [neo4j/a4280c77] LabelTokenStore[neostore.labeltokenstore.db]: used=0 high=-1
                                                                [neo4j/a4280c77] SchemaStore[neostore.schemastore.db]: used=1 high=0
                                                                [neo4j/a4280c77] RelationshipGroupStore[neostore.relationshipgroupstore.db]: used=1 high=0
                                                                [neo4j/a4280c77] NeoStore[neostore]: used=-1 high=-1
                                                                [neo4j/a4280c77] 
                                                                [neo4j/a4280c77] --------------------------------------------------------------------------------
                                                                [neo4j/a4280c77]                                   [ Metadata ]                                  
                                                                [neo4j/a4280c77] --------------------------------------------------------------------------------
                                                                [neo4j/a4280c77] EXTERNAL_STORE_UUID (Database identifier exposed as external store identity. Generated on creation and never updated): 77b9f07e-a5a1-421e-85aa-0bede254a772
                                                                [neo4j/a4280c77] DATABASE_ID (The last used DatabaseId for this database): null
                                                                [neo4j/a4280c77] LEGACY_STORE_VERSION (Legacy store format version. This field is used from 5.0 onwards only to distinguish non-migrated pre 5.0 metadata stores.): -3523014627327384477
                                                                [neo4j/a4280c77] STORE_ID (Store ID): StoreId{creationTime=1669037004400, random=8911117139748874491, storageEngineName='record', formatName='aligned', majorVersion=1, minorVersion=1}
                                                                [neo4j/a4280c77] 
2022-11-21 13:23:24.827+0000 INFO  [o.n.k.a.DatabaseAvailabilityGuard] [neo4j/a4280c77] Requirement `Database unavailable` makes database neo4j unavailable.
2022-11-21 13:23:24.828+0000 INFO  [o.n.k.a.DatabaseAvailabilityGuard] [neo4j/a4280c77] DatabaseId{a4280c77[neo4j]} is unavailable.
2022-11-21 13:23:24.841+0000 WARN  [o.n.k.i.s.MetaDataStore] [neo4j/a4280c77] Missing counts store, rebuilding it.
2022-11-21 13:23:24.842+0000 WARN  [o.n.k.i.s.MetaDataStore] [neo4j/a4280c77] Counts store rebuild completed.
2022-11-21 13:23:24.846+0000 WARN  [o.n.k.i.t.l.f.LogFileChannelNativeAccessor] [neo4j/a4280c77] Error on attempt to preallocate log file version: 0. Error: ErrorCode=-1, errorMessage='Incorrect file descriptor.'
2022-11-21 13:23:24.897+0000 INFO  [o.n.k.d.Database] [neo4j/a4280c77] Starting transaction log [/var/lib/neo4j/data/transactions/neo4j/neostore.transaction.db.0] at version=0
2022-11-21 13:23:24.902+0000 WARN  [o.n.k.i.t.l.f.c.CheckpointFileChannelNativeAccessor] [neo4j/a4280c77] Error on attempt to preallocate log file version: 0. Error: ErrorCode=-1, errorMessage='Incorrect file descriptor.'
2022-11-21 13:23:24.958+0000 INFO  [o.n.k.d.Database] [neo4j/a4280c77] Starting transaction log [/var/lib/neo4j/data/transactions/neo4j/checkpoint.0] at version=0
2022-11-21 13:23:24.980+0000 WARN  [o.n.k.i.t.l.f.c.CheckpointFileChannelNativeAccessor] [neo4j/a4280c77] Unable to advise sequential access for transaction log version: 0. Error: ErrorCode=-1, errorMessage='Incorrect file descriptor.'
2022-11-21 13:23:24.982+0000 WARN  [o.n.k.i.t.l.f.c.CheckpointFileChannelNativeAccessor] [neo4j/a4280c77] Unable to advise preserve data in cache for transaction log version: 0. Error: ErrorCode=-1, errorMessage='Incorrect file descriptor.'
2022-11-21 13:23:24.983+0000 INFO  [o.n.k.i.t.l.f.c.CheckpointLogFile] [neo4j/a4280c77] Scanning log file with version 0 for checkpoint entries
2022-11-21 13:23:24.984+0000 WARN  [o.n.k.i.t.l.f.c.CheckpointFileChannelNativeAccessor] [neo4j/a4280c77] Unable to evict transaction log from cache with version: 0. Error: ErrorCode=-1, errorMessage='Incorrect file descriptor.'
2022-11-21 13:23:24.988+0000 WARN  [o.n.k.i.t.l.f.LogFileChannelNativeAccessor] [neo4j/a4280c77] Unable to advise sequential access for transaction log version: 0. Error: ErrorCode=-1, errorMessage='Incorrect file descriptor.'
2022-11-21 13:23:24.989+0000 WARN  [o.n.k.i.t.l.f.LogFileChannelNativeAccessor] [neo4j/a4280c77] Unable to advise preserve data in cache for transaction log version: 0. Error: ErrorCode=-1, errorMessage='Incorrect file descriptor.'
2022-11-21 13:23:24.991+0000 WARN  [o.n.k.i.t.l.f.LogFileChannelNativeAccessor] [neo4j/a4280c77] Unable to evict transaction log from cache with version: 0. Error: ErrorCode=-1, errorMessage='Incorrect file descriptor.'
2022-11-21 13:23:24.997+0000 WARN  [o.n.k.i.t.l.f.LogFileChannelNativeAccessor] [neo4j/a4280c77] Unable to advise sequential access for transaction log version: 0. Error: ErrorCode=-1, errorMessage='Incorrect file descriptor.'
2022-11-21 13:23:24.998+0000 WARN  [o.n.k.i.t.l.f.LogFileChannelNativeAccessor] [neo4j/a4280c77] Unable to advise preserve data in cache for transaction log version: 0. Error: ErrorCode=-1, errorMessage='Incorrect file descriptor.'
2022-11-21 13:23:24.999+0000 WARN  [o.n.k.i.t.l.f.LogFileChannelNativeAccessor] [neo4j/a4280c77] Unable to evict transaction log from cache with version: 0. Error: ErrorCode=-1, errorMessage='Incorrect file descriptor.'
2022-11-21 13:23:25.001+0000 INFO  [o.n.k.a.DatabaseAvailabilityGuard] [neo4j/a4280c77] Fulfilling of requirement 'Database unavailable' makes database neo4j available.
2022-11-21 13:23:25.002+0000 INFO  [o.n.k.a.DatabaseAvailabilityGuard] [neo4j/a4280c77] DatabaseId{a4280c77[neo4j]} is ready.
2022-11-21 13:23:25.086+0000 INFO  [o.n.k.i.a.i.IndexPopulationJob] [neo4j/a4280c77] Index population started: [Index( id=2, name='index_f7700477', type='LOOKUP', schema=()-[:<any-types>]-(), indexProvider='token-lookup-1.0' )]
2022-11-21 13:23:25.219+0000 INFO  [o.n.k.i.a.i.IndexPopulationJob] [neo4j/a4280c77] Index creation finished for index [Index( id=2, name='index_f7700477', type='LOOKUP', schema=()-[:<any-types>]-(), indexProvider='token-lookup-1.0' )].
2022-11-21 13:23:25.264+0000 INFO  [o.n.k.i.a.i.IndexPopulationJob] [neo4j/a4280c77] Index population started: [Index( id=1, name='index_343aff4e', type='LOOKUP', schema=(:<any-labels>), indexProvider='token-lookup-1.0' )]
2022-11-21 13:23:25.386+0000 INFO  [o.n.k.i.a.i.IndexPopulationJob] [neo4j/a4280c77] Index creation finished for index [Index( id=1, name='index_343aff4e', type='LOOKUP', schema=(:<any-labels>), indexProvider='token-lookup-1.0' )].
2022-11-21 13:23:25.558+0000 INFO  [o.n.b.p.c.c.n.SocketNettyConnector] Bolt enabled on 0.0.0.0:7687.
2022-11-21 13:23:25.559+0000 INFO  [o.n.b.BoltServer] Bolt server started
2022-11-21 13:23:25.560+0000 INFO  [o.n.s.A.ServerComponentsLifecycleAdapter] Starting web server
2022-11-21 13:23:26.733+0000 INFO  [o.n.s.CommunityNeoWebServer] Remote interface available at http://localhost:7474/
2022-11-21 13:23:26.733+0000 INFO  [o.n.s.A.ServerComponentsLifecycleAdapter] Web server started.
2022-11-21 13:23:26.739+0000 INFO  [o.n.g.f.DatabaseManagementServiceFactory] id: A94FC23150EBCC3BF7CF3F79A278CEA8C0BF52BC23EEF1DAF4235767E272BF0A
2022-11-21 13:23:26.740+0000 INFO  [o.n.g.f.DatabaseManagementServiceFactory] name: system
2022-11-21 13:23:26.742+0000 INFO  [o.n.g.f.DatabaseManagementServiceFactory] creationDate: 2022-11-21T13:23:18.127Z
2022-11-21 13:28:14.885+0000 WARN  [o.n.b.p.c.c.c.AtomicSchedulingConnection] The client is unauthorized due to authentication failure.
2022-11-21 13:39:05.049+0000 INFO  [o.n.k.i.t.l.c.CheckPointerImpl] [neo4j/a4280c77] Checkpoint triggered by "Scheduled checkpoint for every 15 minutes threshold" @ txId: 3 checkpoint started...
2022-11-21 13:39:06.540+0000 INFO  [o.n.k.i.t.l.c.CheckPointerImpl] [neo4j/a4280c77] Checkpoint triggered by "Scheduled checkpoint for every 15 minutes threshold" @ txId: 3 checkpoint completed in 1s 488ms. Checkpoint flushed 40 pages (0% of total available pages), in 40 IOs. Checkpoint performed with IO limit: unlimited, paused in total 0 times( 0 millis).
2022-11-21 13:39:06.543+0000 INFO  [o.n.k.i.t.l.p.LogPruningImpl] [neo4j/a4280c77] No log version pruned. The strategy used was '104857600 size'. 
2022-11-21 13:44:59.041+0000 INFO  [o.n.k.i.t.l.c.CheckPointerImpl] [system/00000000] Checkpoint triggered by "Scheduled checkpoint for every 15 minutes threshold" @ txId: 36 checkpoint started...
2022-11-21 13:45:00.934+0000 INFO  [o.n.k.i.t.l.c.CheckPointerImpl] [system/00000000] Checkpoint triggered by "Scheduled checkpoint for every 15 minutes threshold" @ txId: 36 checkpoint completed in 1s 891ms. Checkpoint flushed 73 pages (0% of total available pages), in 73 IOs. Checkpoint performed with IO limit: unlimited, paused in total 0 times( 0 millis).
2022-11-21 13:45:00.935+0000 INFO  [o.n.k.i.t.l.p.LogPruningImpl] [system/00000000] No log version pruned. The strategy used was '104857600 size'. 
2022-11-21 14:00:03.615+0000 ERROR [o.n.b.p.c.h.ProtocolHandshakeHandler] Fatal error occurred during protocol handshaking: [id: 0x9dbe947b, L:/172.19.0.4:7687 - R:/172.19.0.1:51234]
java.lang.NullPointerException: Cannot read the array length because "array" is null
	at io.netty.buffer.Unpooled.copiedBuffer(Unpooled.java:363) ~[netty-buffer-4.1.82.Final.jar:4.1.82.Final]
	at org.neo4j.bolt.protocol.common.handler.DiscoveryResponseHandler.channelRead(DiscoveryResponseHandler.java:58) ~[neo4j-bolt-5.1.0.jar:5.1.0]
	at io.netty.channel.AbstractChannelHandlerContext.invokeChannelRead(AbstractChannelHandlerContext.java:379) ~[netty-transport-4.1.82.Final.jar:4.1.82.Final]
	at io.netty.channel.AbstractChannelHandlerContext.invokeChannelRead(AbstractChannelHandlerContext.java:365) ~[netty-transport-4.1.82.Final.jar:4.1.82.Final]
	at io.netty.channel.AbstractChannelHandlerContext.fireChannelRead(AbstractChannelHandlerContext.java:357) ~[netty-transport-4.1.82.Final.jar:4.1.82.Final]
	at io.netty.handler.codec.MessageToMessageDecoder.channelRead(MessageToMessageDecoder.java:103) ~[netty-codec-4.1.82.Final.jar:4.1.82.Final]
	at io.netty.channel.AbstractChannelHandlerContext.invokeChannelRead(AbstractChannelHandlerContext.java:379) ~[netty-transport-4.1.82.Final.jar:4.1.82.Final]
	at io.netty.channel.AbstractChannelHandlerContext.invokeChannelRead(AbstractChannelHandlerContext.java:365) ~[netty-transport-4.1.82.Final.jar:4.1.82.Final]
	at io.netty.channel.AbstractChannelHandlerContext.fireChannelRead(AbstractChannelHandlerContext.java:357) ~[netty-transport-4.1.82.Final.jar:4.1.82.Final]
	at io.netty.channel.CombinedChannelDuplexHandler$DelegatingChannelHandlerContext.fireChannelRead(CombinedChannelDuplexHandler.java:436) ~[netty-transport-4.1.82.Final.jar:4.1.82.Final]
	at io.netty.handler.codec.ByteToMessageDecoder.fireChannelRead(ByteToMessageDecoder.java:336) ~[netty-codec-4.1.82.Final.jar:4.1.82.Final]
	at io.netty.handler.codec.ByteToMessageDecoder.channelRead(ByteToMessageDecoder.java:308) ~[netty-codec-4.1.82.Final.jar:4.1.82.Final]
	at io.netty.channel.CombinedChannelDuplexHandler.channelRead(CombinedChannelDuplexHandler.java:251) ~[netty-transport-4.1.82.Final.jar:4.1.82.Final]
	at io.netty.channel.AbstractChannelHandlerContext.invokeChannelRead(AbstractChannelHandlerContext.java:379) ~[netty-transport-4.1.82.Final.jar:4.1.82.Final]
	at io.netty.channel.AbstractChannelHandlerContext.invokeChannelRead(AbstractChannelHandlerContext.java:365) ~[netty-transport-4.1.82.Final.jar:4.1.82.Final]
	at io.netty.channel.AbstractChannelHandlerContext.fireChannelRead(AbstractChannelHandlerContext.java:357) ~[netty-transport-4.1.82.Final.jar:4.1.82.Final]
	at org.neo4j.bolt.protocol.common.handler.AuthenticationTimeoutHandler.channelRead(AuthenticationTimeoutHandler.java:68) ~[neo4j-bolt-5.1.0.jar:5.1.0]
	at io.netty.channel.AbstractChannelHandlerContext.invokeChannelRead(AbstractChannelHandlerContext.java:379) ~[netty-transport-4.1.82.Final.jar:4.1.82.Final]
	at io.netty.channel.AbstractChannelHandlerContext.invokeChannelRead(AbstractChannelHandlerContext.java:365) ~[netty-transport-4.1.82.Final.jar:4.1.82.Final]
	at io.netty.channel.AbstractChannelHandlerContext.fireChannelRead(AbstractChannelHandlerContext.java:357) ~[netty-transport-4.1.82.Final.jar:4.1.82.Final]
	at io.netty.handler.codec.ByteToMessageDecoder.handlerRemoved(ByteToMessageDecoder.java:256) ~[netty-codec-4.1.82.Final.jar:4.1.82.Final]
	at io.netty.handler.codec.ByteToMessageDecoder.decodeRemovalReentryProtection(ByteToMessageDecoder.java:526) ~[netty-codec-4.1.82.Final.jar:4.1.82.Final]
	at io.netty.handler.codec.ByteToMessageDecoder.callDecode(ByteToMessageDecoder.java:458) ~[netty-codec-4.1.82.Final.jar:4.1.82.Final]
	at io.netty.handler.codec.ByteToMessageDecoder.channelRead(ByteToMessageDecoder.java:280) ~[netty-codec-4.1.82.Final.jar:4.1.82.Final]
	at io.netty.channel.AbstractChannelHandlerContext.invokeChannelRead(AbstractChannelHandlerContext.java:379) ~[netty-transport-4.1.82.Final.jar:4.1.82.Final]
	at io.netty.channel.AbstractChannelHandlerContext.invokeChannelRead(AbstractChannelHandlerContext.java:365) ~[netty-transport-4.1.82.Final.jar:4.1.82.Final]
	at io.netty.channel.AbstractChannelHandlerContext.fireChannelRead(AbstractChannelHandlerContext.java:357) ~[netty-transport-4.1.82.Final.jar:4.1.82.Final]
	at io.netty.channel.DefaultChannelPipeline$HeadContext.channelRead(DefaultChannelPipeline.java:1410) ~[netty-transport-4.1.82.Final.jar:4.1.82.Final]
	at io.netty.channel.AbstractChannelHandlerContext.invokeChannelRead(AbstractChannelHandlerContext.java:379) ~[netty-transport-4.1.82.Final.jar:4.1.82.Final]
	at io.netty.channel.AbstractChannelHandlerContext.invokeChannelRead(AbstractChannelHandlerContext.java:365) ~[netty-transport-4.1.82.Final.jar:4.1.82.Final]
	at io.netty.channel.DefaultChannelPipeline.fireChannelRead(DefaultChannelPipeline.java:919) ~[netty-transport-4.1.82.Final.jar:4.1.82.Final]
	at io.netty.channel.epoll.AbstractEpollStreamChannel$EpollStreamUnsafe.epollInReady(AbstractEpollStreamChannel.java:800) ~[netty-transport-classes-epoll-4.1.82.Final.jar:4.1.82.Final]
	at io.netty.channel.epoll.EpollEventLoop.processReady(EpollEventLoop.java:499) ~[netty-transport-classes-epoll-4.1.82.Final.jar:4.1.82.Final]
	at io.netty.channel.epoll.EpollEventLoop.run(EpollEventLoop.java:397) ~[netty-transport-classes-epoll-4.1.82.Final.jar:4.1.82.Final]
	at io.netty.util.concurrent.SingleThreadEventExecutor$4.run(SingleThreadEventExecutor.java:997) ~[netty-common-4.1.82.Final.jar:4.1.82.Final]
	at io.netty.util.internal.ThreadExecutorMap$2.run(ThreadExecutorMap.java:74) ~[netty-common-4.1.82.Final.jar:4.1.82.Final]
	at io.netty.util.concurrent.FastThreadLocalRunnable.run(FastThreadLocalRunnable.java:30) ~[netty-common-4.1.82.Final.jar:4.1.82.Final]
	at java.lang.Thread.run(Thread.java:833) ~[?:?]
2022-11-21 14:00:04.809+0000 WARN  [o.n.b.p.c.c.c.AtomicSchedulingConnection] The client is unauthorized due to authentication failure.
2022-11-21 14:00:04.860+0000 WARN  [o.n.b.p.c.c.c.AtomicSchedulingConnection] The client is unauthorized due to authentication failure.
2022-11-21 14:00:04.905+0000 WARN  [o.n.b.p.c.c.c.AtomicSchedulingConnection] The client has provided incorrect authentication details too many times in a row.
2022-11-21 14:00:05.009+0000 WARN  [o.n.b.p.c.c.c.AtomicSchedulingConnection] The client has provided incorrect authentication details too many times in a row.
2022-11-21 14:00:12.510+0000 INFO  [o.n.p.b.r.GetRoutingTableProcedure] Routing result for database DatabaseReference.Internal{alias=NormalizedDatabaseName[name=neo4j], namedDatabaseId=DatabaseId{a4280c77[neo4j]}, primary=true} and routing context Map{address -> String("localhost:7687")} is RoutingResult{routeEndpoints=[localhost:7687], writeEndpoints=[localhost:7687], readEndpoints=[localhost:7687], timeToLiveMillis=300000}
2022-11-21 14:00:16.912+0000 INFO  [o.n.p.b.r.GetRoutingTableProcedure] Routing result for database DatabaseReference.Internal{alias=NormalizedDatabaseName[name=neo4j], namedDatabaseId=DatabaseId{a4280c77[neo4j]}, primary=true} and routing context Map{address -> String("localhost:7687")} is RoutingResult{routeEndpoints=[localhost:7687], writeEndpoints=[localhost:7687], readEndpoints=[localhost:7687], timeToLiveMillis=300000}
2022-11-21 14:00:17.021+0000 INFO  [o.n.p.b.r.GetRoutingTableProcedure] Routing result for database DatabaseReference.Internal{alias=NormalizedDatabaseName[name=system], namedDatabaseId=DatabaseId{00000000[system]}, primary=true} and routing context Map{address -> String("localhost:7687")} is RoutingResult{routeEndpoints=[localhost:7687], writeEndpoints=[localhost:7687], readEndpoints=[localhost:7687], timeToLiveMillis=300000}
2022-11-21 14:00:19.599+0000 INFO  [o.n.p.b.r.GetRoutingTableProcedure] Routing result for database DatabaseReference.Internal{alias=NormalizedDatabaseName[name=neo4j], namedDatabaseId=DatabaseId{a4280c77[neo4j]}, primary=true} and routing context Map{address -> String("localhost:7687")} is RoutingResult{routeEndpoints=[localhost:7687], writeEndpoints=[localhost:7687], readEndpoints=[localhost:7687], timeToLiveMillis=300000}
2022-11-21 14:00:20.986+0000 INFO  [o.n.k.i.t.l.c.CheckPointerImpl] [system/00000000] Checkpoint triggered by "Scheduled checkpoint for every 15 minutes threshold" @ txId: 37 checkpoint started...
2022-11-21 14:00:21.641+0000 INFO  [o.n.p.b.r.GetRoutingTableProcedure] Routing result for database DatabaseReference.Internal{alias=NormalizedDatabaseName[name=neo4j], namedDatabaseId=DatabaseId{a4280c77[neo4j]}, primary=true} and routing context Map{address -> String("localhost:7687")} is RoutingResult{routeEndpoints=[localhost:7687], writeEndpoints=[localhost:7687], readEndpoints=[localhost:7687], timeToLiveMillis=300000}
2022-11-21 14:00:21.663+0000 INFO  [o.n.p.b.r.GetRoutingTableProcedure] Routing result for database DatabaseReference.Internal{alias=NormalizedDatabaseName[name=neo4j], namedDatabaseId=DatabaseId{a4280c77[neo4j]}, primary=true} and routing context Map{address -> String("localhost:7687")} is RoutingResult{routeEndpoints=[localhost:7687], writeEndpoints=[localhost:7687], readEndpoints=[localhost:7687], timeToLiveMillis=300000}
2022-11-21 14:00:22.225+0000 INFO  [o.n.p.b.r.GetRoutingTableProcedure] Routing result for database DatabaseReference.Internal{alias=NormalizedDatabaseName[name=neo4j], namedDatabaseId=DatabaseId{a4280c77[neo4j]}, primary=true} and routing context Map{address -> String("localhost:7687")} is RoutingResult{routeEndpoints=[localhost:7687], writeEndpoints=[localhost:7687], readEndpoints=[localhost:7687], timeToLiveMillis=300000}
2022-11-21 14:00:22.278+0000 INFO  [o.n.p.b.r.GetRoutingTableProcedure] Routing result for database DatabaseReference.Internal{alias=NormalizedDatabaseName[name=system], namedDatabaseId=DatabaseId{00000000[system]}, primary=true} and routing context Map{address -> String("localhost:7687")} is RoutingResult{routeEndpoints=[localhost:7687], writeEndpoints=[localhost:7687], readEndpoints=[localhost:7687], timeToLiveMillis=300000}
2022-11-21 14:00:22.595+0000 INFO  [o.n.p.b.r.GetRoutingTableProcedure] Routing result for database DatabaseReference.Internal{alias=NormalizedDatabaseName[name=neo4j], namedDatabaseId=DatabaseId{a4280c77[neo4j]}, primary=true} and routing context Map{address -> String("localhost:7687")} is RoutingResult{routeEndpoints=[localhost:7687], writeEndpoints=[localhost:7687], readEndpoints=[localhost:7687], timeToLiveMillis=300000}
2022-11-21 14:00:22.610+0000 INFO  [o.n.p.b.r.GetRoutingTableProcedure] Routing result for database DatabaseReference.Internal{alias=NormalizedDatabaseName[name=neo4j], namedDatabaseId=DatabaseId{a4280c77[neo4j]}, primary=true} and routing context Map{address -> String("localhost:7687")} is RoutingResult{routeEndpoints=[localhost:7687], writeEndpoints=[localhost:7687], readEndpoints=[localhost:7687], timeToLiveMillis=300000}
2022-11-21 14:00:22.666+0000 INFO  [o.n.k.i.t.l.c.CheckPointerImpl] [system/00000000] Checkpoint triggered by "Scheduled checkpoint for every 15 minutes threshold" @ txId: 37 checkpoint completed in 1s 678ms. Checkpoint flushed 34 pages (0% of total available pages), in 33 IOs. Checkpoint performed with IO limit: unlimited, paused in total 0 times( 0 millis).
2022-11-21 14:00:22.668+0000 INFO  [o.n.k.i.t.l.p.LogPruningImpl] [system/00000000] No log version pruned. The strategy used was '104857600 size'. 
2022-11-21 14:00:22.769+0000 INFO  [o.n.p.b.r.GetRoutingTableProcedure] Routing result for database DatabaseReference.Internal{alias=NormalizedDatabaseName[name=system], namedDatabaseId=DatabaseId{00000000[system]}, primary=true} and routing context Map{address -> String("localhost:7687")} is RoutingResult{routeEndpoints=[localhost:7687], writeEndpoints=[localhost:7687], readEndpoints=[localhost:7687], timeToLiveMillis=300000}
2022-11-21 14:00:24.971+0000 INFO  [o.n.p.b.r.GetRoutingTableProcedure] Routing result for database DatabaseReference.Internal{alias=NormalizedDatabaseName[name=system], namedDatabaseId=DatabaseId{00000000[system]}, primary=true} and routing context Map{address -> String("neo4j:7687")} is RoutingResult{routeEndpoints=[neo4j:7687], writeEndpoints=[neo4j:7687], readEndpoints=[neo4j:7687], timeToLiveMillis=300000}
2022-11-21 14:00:25.029+0000 INFO  [o.n.p.b.r.GetRoutingTableProcedure] Routing result for database DatabaseReference.Internal{alias=NormalizedDatabaseName[name=neo4j], namedDatabaseId=DatabaseId{a4280c77[neo4j]}, primary=true} and routing context Map{address -> String("neo4j:7687")} is RoutingResult{routeEndpoints=[neo4j:7687], writeEndpoints=[neo4j:7687], readEndpoints=[neo4j:7687], timeToLiveMillis=300000}
2022-11-21 14:00:25.243+0000 INFO  [o.n.k.i.a.i.IndexPopulationJob] [neo4j/a4280c77] Index population started: [Index( id=3, name='personIdConstraint', type='RANGE', schema=(:Person {id}), indexProvider='range-1.0' )]
2022-11-21 14:00:25.415+0000 INFO  [o.n.k.i.a.i.IndexPopulationJob] [neo4j/a4280c77] Index creation finished for index [Index( id=3, name='personIdConstraint', type='RANGE', schema=(:Person {id}), indexProvider='range-1.0' )].
2022-11-21 14:00:25.565+0000 INFO  [o.n.k.i.a.i.IndexPopulationJob] [neo4j/a4280c77] Index population started: [Index( id=4, name='movieIdConstraint', type='RANGE', schema=(:Movie {id}), indexProvider='range-1.0' )]
2022-11-21 14:00:25.725+0000 INFO  [o.n.k.i.a.i.IndexPopulationJob] [neo4j/a4280c77] Index creation finished for index [Index( id=4, name='movieIdConstraint', type='RANGE', schema=(:Movie {id}), indexProvider='range-1.0' )].
2022-11-21 14:00:25.845+0000 INFO  [o.n.k.i.a.i.IndexingService] [neo4j/a4280c77] Constraint Index( id=3, name='personIdConstraint', type='RANGE', schema=(:Label[0] {PropertyKey[10]}), indexProvider='range-1.0' ) is ONLINE.
2022-11-21 14:00:25.845+0000 INFO  [o.n.k.i.a.i.IndexingService] [neo4j/a4280c77] Constraint Index( id=4, name='movieIdConstraint', type='RANGE', schema=(:Label[1] {PropertyKey[10]}), indexProvider='range-1.0' ) is ONLINE.
2022-11-21 14:00:26.096+0000 INFO  [o.n.p.b.r.GetRoutingTableProcedure] Routing result for database DatabaseReference.Internal{alias=NormalizedDatabaseName[name=system], namedDatabaseId=DatabaseId{00000000[system]}, primary=true} and routing context Map{address -> String("neo4j:7687")} is RoutingResult{routeEndpoints=[neo4j:7687], writeEndpoints=[neo4j:7687], readEndpoints=[neo4j:7687], timeToLiveMillis=300000}
2022-11-21 14:00:26.108+0000 INFO  [o.n.p.b.r.GetRoutingTableProcedure] Routing result for database DatabaseReference.Internal{alias=NormalizedDatabaseName[name=neo4j], namedDatabaseId=DatabaseId{a4280c77[neo4j]}, primary=true} and routing context Map{address -> String("neo4j:7687")} is RoutingResult{routeEndpoints=[neo4j:7687], writeEndpoints=[neo4j:7687], readEndpoints=[neo4j:7687], timeToLiveMillis=300000}
2022-11-21 14:00:26.289+0000 INFO  [o.n.k.i.a.i.IndexPopulationJob] [neo4j/a4280c77] Index population started: [Index( id=7, name='countryNameIndex', type='RANGE', schema=(:Country {name}), indexProvider='range-1.0' )]
2022-11-21 14:00:26.488+0000 INFO  [o.n.k.i.a.i.IndexPopulationJob] [neo4j/a4280c77] Index creation finished for index [Index( id=7, name='countryNameIndex', type='RANGE', schema=(:Country {name}), indexProvider='range-1.0' )].
2022-11-21 14:00:26.609+0000 INFO  [o.n.k.i.t.l.c.CheckPointerImpl] [neo4j/a4280c77] Checkpoint triggered by "Scheduled checkpoint for every 15 minutes threshold" @ txId: 14 checkpoint started...
2022-11-21 14:00:27.091+0000 INFO  [o.n.p.b.r.GetRoutingTableProcedure] Routing result for database DatabaseReference.Internal{alias=NormalizedDatabaseName[name=system], namedDatabaseId=DatabaseId{00000000[system]}, primary=true} and routing context Map{address -> String("neo4j:7687")} is RoutingResult{routeEndpoints=[neo4j:7687], writeEndpoints=[neo4j:7687], readEndpoints=[neo4j:7687], timeToLiveMillis=300000}
2022-11-21 14:00:28.050+0000 INFO  [o.n.k.i.t.l.c.CheckPointerImpl] [neo4j/a4280c77] Checkpoint triggered by "Scheduled checkpoint for every 15 minutes threshold" @ txId: 14 checkpoint completed in 1s 439ms. Checkpoint flushed 39 pages (0% of total available pages), in 39 IOs. Checkpoint performed with IO limit: unlimited, paused in total 0 times( 0 millis).
2022-11-21 14:00:28.051+0000 INFO  [o.n.k.i.t.l.p.LogPruningImpl] [neo4j/a4280c77] No log version pruned. The strategy used was '104857600 size'. 
2022-11-21 14:00:32.970+0000 INFO  [o.n.p.b.r.GetRoutingTableProcedure] Routing result for database DatabaseReference.Internal{alias=NormalizedDatabaseName[name=neo4j], namedDatabaseId=DatabaseId{a4280c77[neo4j]}, primary=true} and routing context Map{address -> String("neo4j:7687")} is RoutingResult{routeEndpoints=[neo4j:7687], writeEndpoints=[neo4j:7687], readEndpoints=[neo4j:7687], timeToLiveMillis=300000}
2022-11-21 14:00:33.847+0000 INFO  [o.n.p.b.r.GetRoutingTableProcedure] Routing result for database DatabaseReference.Internal{alias=NormalizedDatabaseName[name=system], namedDatabaseId=DatabaseId{00000000[system]}, primary=true} and routing context Map{address -> String("neo4j:7687")} is RoutingResult{routeEndpoints=[neo4j:7687], writeEndpoints=[neo4j:7687], readEndpoints=[neo4j:7687], timeToLiveMillis=300000}
2022-11-21 14:00:34.388+0000 INFO  [o.n.p.b.r.GetRoutingTableProcedure] Routing result for database DatabaseReference.Internal{alias=NormalizedDatabaseName[name=neo4j], namedDatabaseId=DatabaseId{a4280c77[neo4j]}, primary=true} and routing context Map{address -> String("neo4j:7687")} is RoutingResult{routeEndpoints=[neo4j:7687], writeEndpoints=[neo4j:7687], readEndpoints=[neo4j:7687], timeToLiveMillis=300000}
2022-11-21 14:00:35.155+0000 INFO  [o.n.p.b.r.GetRoutingTableProcedure] Routing result for database DatabaseReference.Internal{alias=NormalizedDatabaseName[name=system], namedDatabaseId=DatabaseId{00000000[system]}, primary=true} and routing context Map{address -> String("neo4j:7687")} is RoutingResult{routeEndpoints=[neo4j:7687], writeEndpoints=[neo4j:7687], readEndpoints=[neo4j:7687], timeToLiveMillis=300000}
2022-11-21 14:00:35.580+0000 INFO  [o.n.p.b.r.GetRoutingTableProcedure] Routing result for database DatabaseReference.Internal{alias=NormalizedDatabaseName[name=neo4j], namedDatabaseId=DatabaseId{a4280c77[neo4j]}, primary=true} and routing context Map{address -> String("neo4j:7687")} is RoutingResult{routeEndpoints=[neo4j:7687], writeEndpoints=[neo4j:7687], readEndpoints=[neo4j:7687], timeToLiveMillis=300000}
